2025-07-01T19:01:39.399Z [INSIGHT-HUB 🚥] [32minfo[39m:: Server is running on port 8080
2025-07-01T19:02:25.902Z [INSIGHT-HUB 🚥] [32minfo[39m:: Server is running on port 8080
2025-07-01T19:03:20.346Z [INSIGHT-HUB 🚥] [32minfo[39m:: Server is running on port 8080
2025-07-01T19:07:25.986Z [INSIGHT-HUB 🚥] [32minfo[39m:: Server is running on port 8080
2025-07-01T19:09:35.408Z [INSIGHT-HUB 🚥] [32minfo[39m:: Server is running on port 8080
2025-07-01T19:12:01.070Z [INSIGHT-HUB 🚥] [32minfo[39m:: Server is running on port 8080
2025-07-01T19:15:50.192Z [INSIGHT-HUB 🚥] [32minfo[39m:: Server is running on port 8080
2025-07-01T19:17:06.289Z [INSIGHT-HUB 🚥] [32minfo[39m:: Server is running on port 8080
2025-07-01T19:23:24.922Z [INSIGHT-HUB 🚥] [32minfo[39m:: Server is running on port 8080
2025-07-01T19:24:10.874Z [INSIGHT-HUB 🚥] [32minfo[39m:: Server is running on port 8080
2025-07-01T19:24:34.987Z [INSIGHT-HUB 🚥] [32minfo[39m:: Server is running on port 8080
2025-07-01T19:32:32.334Z [INSIGHT-HUB 🚥] [32minfo[39m:: Server is running on port 8080
2025-07-01T19:39:23.836Z [INSIGHT-HUB 🚥] [32minfo[39m:: Server is running on port 8080
2025-07-01T19:40:35.190Z [INSIGHT-HUB 🚥] [32minfo[39m:: Server is running on port 8080
2025-07-01T19:41:00.275Z [INSIGHT-HUB 🚥] [32minfo[39m:: Server is running on port 8080
2025-07-01T19:43:27.757Z [INSIGHT-HUB 🚥] [32minfo[39m:: Server is running on port 8080
2025-07-01T19:43:39.329Z [INSIGHT-HUB 🚥] [32minfo[39m:: Server is running on port 8080
2025-07-01T19:44:01.752Z [INSIGHT-HUB 🚥] [32minfo[39m:: Server is running on port 8080
2025-07-01T19:44:56.201Z [INSIGHT-HUB 🚥] [32minfo[39m:: Server is running on port 8080
2025-07-02T19:18:11.916Z [INSIGHT-HUB 🚥] [32minfo[39m:: Server is running on port 8080
2025-07-02T19:19:56.108Z [INSIGHT-HUB 🚥] [32minfo[39m:: Server is running on port 8080
2025-07-02T19:21:56.182Z [INSIGHT-HUB 🚥] [32minfo[39m:: Server is running on port 8080
2025-07-02T19:32:31.883Z [INSIGHT-HUB 🚥] [32minfo[39m:: Server is running on port 8080
2025-07-02T19:33:47.405Z [INSIGHT-HUB 🚥] [32minfo[39m:: Server is running on port 8080
2025-07-02T20:30:35.138Z [INSIGHT-HUB 🚥] [32minfo[39m:: Server is running on port 8080
2025-07-02T20:31:30.631Z [INSIGHT-HUB 🚥] [32minfo[39m:: Server is running on port 8080
2025-07-02T20:41:09.446Z [INSIGHT-HUB 🚥] [32minfo[39m:: Server is running on port 8080
2025-07-02T20:41:24.265Z [INSIGHT-HUB 🚥] [32minfo[39m:: Server is running on port 8080
2025-07-02T20:41:45.992Z [INSIGHT-HUB 🚥] [32minfo[39m:: Server is running on port 8080
2025-07-02T20:41:59.995Z [INSIGHT-HUB 🚥] [32minfo[39m:: Server is running on port 8080
2025-07-02T20:42:34.501Z [INSIGHT-HUB 🚥] [32minfo[39m:: Server is running on port 8080
2025-07-02T20:44:34.198Z [INSIGHT-HUB 🚥] [32minfo[39m:: Server is running on port 8080
2025-07-02T20:44:40.886Z [INSIGHT-HUB 🚥] [32minfo[39m:: Server is running on port 8080
2025-07-03T01:23:52.724Z [INSIGHT-HUB 🚥] [32minfo[39m:: Server is running on port 8080
2025-07-03T01:31:43.099Z [INSIGHT-HUB 🚥] [32minfo[39m:: Server is running on port 8080
2025-07-03T01:38:50.398Z [INSIGHT-HUB 🚥] [32minfo[39m:: Server is running on port 8080
2025-07-03T01:43:18.176Z [INSIGHT-HUB 🚥] [32minfo[39m:: Server is running on port 8080
2025-07-03T01:43:43.998Z [INSIGHT-HUB 🚥] [32minfo[39m:: Server is running on port 8080
2025-07-03T01:48:57.290Z [INSIGHT-HUB 🚥] [32minfo[39m:: Server is running on port 8080
2025-07-03T01:49:15.241Z [INSIGHT-HUB 🚥] [32minfo[39m:: Server is running on port 8080
2025-07-03T01:49:22.176Z [INSIGHT-HUB 🚥] [32minfo[39m:: Server is running on port 8080
2025-07-03T01:51:35.888Z [INSIGHT-HUB 🚥] [32minfo[39m:: Server is running on port 8080
2025-07-03T02:30:33.484Z [INSIGHT-HUB 🚥] [32minfo[39m:: Server is running on port 8080
2025-07-03T02:31:07.635Z [INSIGHT-HUB 🚥] [32minfo[39m:: Server is running on port 8080
2025-07-03T02:32:12.351Z [INSIGHT-HUB 🚥] [32minfo[39m:: Server is running on port 8080
2025-07-03T02:37:09.995Z [INSIGHT-HUB 🚥] [32minfo[39m:: Server is running on port 8080
2025-07-03T02:37:39.222Z [INSIGHT-HUB 🚥] [32minfo[39m:: Server is running on port 8080
2025-07-03T02:37:44.956Z [INSIGHT-HUB 🚥] [32minfo[39m:: Server is running on port 8080
2025-07-03T02:38:23.423Z [INSIGHT-HUB 🚥] [32minfo[39m:: Server is running on port 8080
2025-07-03T02:41:07.114Z [INSIGHT-HUB 🚥] [32minfo[39m:: Server is running on port 8080
2025-07-03T02:41:24.269Z [INSIGHT-HUB 🚥] [32minfo[39m:: Server is running on port 8080
2025-07-03T02:44:19.430Z [INSIGHT-HUB 🚥] [32minfo[39m:: Server is running on port 8080
2025-07-03T02:46:51.059Z [INSIGHT-HUB 🚥] [32minfo[39m:: Server is running on port 8080
2025-07-03T02:49:23.267Z [INSIGHT-HUB 🚥] [32minfo[39m:: Server is running on port 8080
2025-07-03T02:59:38.181Z [INSIGHT-HUB 🚥] [32minfo[39m:: Server is running on port 8080
2025-07-03T03:07:16.098Z [INSIGHT-HUB 🚥] [32minfo[39m:: Server is running on port 8080
2025-07-03T03:08:25.637Z [INSIGHT-HUB 🚥] [32minfo[39m:: Server is running on port 8080
2025-07-03T03:08:57.711Z [INSIGHT-HUB 🚥] [32minfo[39m:: Server is running on port 8080
2025-07-03T03:10:57.056Z [INSIGHT-HUB 🚥] [32minfo[39m:: Server is running on port 8080
2025-07-03T03:12:48.131Z [INSIGHT-HUB 🚥] [32minfo[39m:: Server is running on port 8080
2025-07-03T03:14:42.400Z [INSIGHT-HUB 🚥] [32minfo[39m:: Server is running on port 8080
2025-07-03T03:15:45.973Z [INSIGHT-HUB 🚥] [32minfo[39m:: Server is running on port 8080
2025-07-03T03:16:50.244Z [INSIGHT-HUB 🚥] [32minfo[39m:: Server is running on port 8080
2025-07-03T03:17:20.472Z [INSIGHT-HUB 🚥] [32minfo[39m:: Server is running on port 8080
2025-07-03T03:17:57.904Z [INSIGHT-HUB 🚥] [32minfo[39m:: Server is running on port 8080
2025-07-03T03:18:31.627Z [INSIGHT-HUB 🚥] [32minfo[39m:: Server is running on port 8080
2025-07-03T03:19:57.337Z [INSIGHT-HUB 🚥] [32minfo[39m:: Server is running on port 8080
2025-07-03T03:20:46.117Z [INSIGHT-HUB 🚥] [32minfo[39m:: Server is running on port 8080
2025-07-03T03:21:05.429Z [INSIGHT-HUB 🚥] [32minfo[39m:: Server is running on port 8080
2025-07-03T03:23:02.424Z [INSIGHT-HUB 🚥] [32minfo[39m:: Server is running on port 8080
2025-07-03T03:25:01.218Z [INSIGHT-HUB 🚥] [32minfo[39m:: Server is running on port 8080
2025-07-03T03:25:08.847Z [INSIGHT-HUB 🚥] [32minfo[39m:: Server is running on port 8080
2025-07-03T03:26:22.314Z [INSIGHT-HUB 🚥] [32minfo[39m:: Server is running on port 8080
2025-07-03T03:27:02.462Z [INSIGHT-HUB 🚥] [32minfo[39m:: Server is running on port 8080
2025-07-03T03:29:35.439Z [INSIGHT-HUB 🚥] [32minfo[39m:: Server is running on port 8080
2025-07-03T03:33:35.544Z [INSIGHT-HUB 🚥] [32minfo[39m:: Server is running on port 8080
2025-07-03T03:34:29.357Z [INSIGHT-HUB 🚥] [32minfo[39m:: Server is running on port 8080
2025-07-03T03:34:58.136Z [INSIGHT-HUB 🚥] [32minfo[39m:: Server is running on port 8080
2025-07-03T03:35:08.534Z [INSIGHT-HUB 🚥] [32minfo[39m:: Server is running on port 8080
2025-07-03T03:37:43.068Z [INSIGHT-HUB 🚥] [32minfo[39m:: Server is running on port 8080
2025-07-03T03:38:53.470Z [INSIGHT-HUB 🚥] [32minfo[39m:: Server is running on port 8080
2025-07-03T03:38:57.358Z [INSIGHT-HUB 🚥] [32minfo[39m:: Server is running on port 8080
2025-07-03T03:39:23.838Z [INSIGHT-HUB 🚥] [32minfo[39m:: Server is running on port 8080
2025-07-03T03:40:29.930Z [INSIGHT-HUB 🚥] [32minfo[39m:: Server is running on port 8080
2025-07-03T03:40:48.145Z [INSIGHT-HUB 🚥] [32minfo[39m:: Server is running on port 8080
2025-07-03T03:40:50.401Z [INSIGHT-HUB 🚥] [32minfo[39m:: Server is running on port 8080
2025-07-03T03:41:14.134Z [INSIGHT-HUB 🚥] [32minfo[39m:: Server is running on port 8080
2025-07-03T03:41:55.362Z [INSIGHT-HUB 🚥] [32minfo[39m:: Server is running on port 8080
2025-07-03T03:42:25.837Z [INSIGHT-HUB 🚥] [32minfo[39m:: Server is running on port 8080
2025-07-03T03:42:40.187Z [INSIGHT-HUB 🚥] [32minfo[39m:: Server is running on port 8080
2025-07-03T03:43:43.969Z [INSIGHT-HUB 🚥] [32minfo[39m:: Server is running on port 8080
2025-07-03T03:45:18.597Z [INSIGHT-HUB 🚥] [32minfo[39m:: Server is running on port 8080
2025-07-03T03:47:47.019Z [INSIGHT-HUB 🚥] [32minfo[39m:: Server is running on port 8080
2025-07-03T03:48:36.425Z [INSIGHT-HUB 🚥] [32minfo[39m:: Server is running on port 8080
2025-07-03T03:48:43.520Z [INSIGHT-HUB 🚥] [31merror[39m:: Not Authorized - No token provided - /api/auth/health-check - GET - ::1 - 403
2025-07-03T03:49:53.989Z [INSIGHT-HUB 🚥] [32minfo[39m:: Server is running on port 8080
2025-07-03T03:50:01.828Z [INSIGHT-HUB 🚥] [31merror[39m:: Not Authorized - No token provided - /api/auth/health-check - GET - ::1 - 500
2025-07-03T03:51:00.750Z [INSIGHT-HUB 🚥] [32minfo[39m:: Server is running on port 8080
2025-07-03T03:51:07.947Z [INSIGHT-HUB 🚥] [32minfo[39m:: Server is running on port 8080
2025-07-03T03:51:11.766Z [INSIGHT-HUB 🚥] [31merror[39m:: Not Authorized - No token provided - /api/auth/health-check - GET - ::1 - 403
2025-07-03T03:51:42.088Z [INSIGHT-HUB 🚥] [32minfo[39m:: Server is running on port 8080
2025-07-03T03:51:45.666Z [INSIGHT-HUB 🚥] [32minfo[39m:: Server is running on port 8080
2025-07-03T03:51:51.356Z [INSIGHT-HUB 🚥] [31merror[39m:: Not Authorized - No token provided - /api/auth/health-check - GET - ::1 - 403
2025-07-03T03:52:19.154Z [INSIGHT-HUB 🚥] [32minfo[39m:: Server is running on port 8080
2025-07-03T03:52:24.427Z [INSIGHT-HUB 🚥] [31merror[39m:: Error - Resource Not Found - /api/health-check - GET - ::1 - 500
2025-07-03T03:52:55.377Z [INSIGHT-HUB 🚥] [32minfo[39m:: Server is running on port 8080
2025-07-03T03:52:59.602Z [INSIGHT-HUB 🚥] [31merror[39m:: Error - Resource Not Found - /api/health-check - GET - ::1 - 500
2025-07-03T03:53:10.306Z [INSIGHT-HUB 🚥] [32minfo[39m:: Server is running on port 8080
2025-07-03T03:53:13.976Z [INSIGHT-HUB 🚥] [31merror[39m:: Error - Resource Not Found - /api/health-check - GET - ::1 - 500
2025-07-03T03:53:39.357Z [INSIGHT-HUB 🚥] [32minfo[39m:: Server is running on port 8080
2025-07-03T03:53:45.431Z [INSIGHT-HUB 🚥] [31merror[39m:: Error - Resource Not Found - /api/health-check - GET - ::1 - 404
2025-07-03T03:54:48.605Z [INSIGHT-HUB 🚥] [32minfo[39m:: Logging in user with email: john.doe@mail.com
2025-07-03T03:54:48.716Z [INSIGHT-HUB 🚥] [31merror[39m:: Error logging in user: Resource Not Found: User with email john.doe@mail.com does not exist
2025-07-03T03:54:48.718Z [INSIGHT-HUB 🚥] [31merror[39m:: Resource Not Found - User with email john.doe@mail.com does not exist - /api/auth/login - POST - ::1 - 404
2025-07-03T03:55:04.265Z [INSIGHT-HUB 🚥] [31merror[39m:: Error - Resource Not Found - /api/health-check - GET - ::1 - 404
2025-07-03T03:55:40.823Z [INSIGHT-HUB 🚥] [32minfo[39m:: Server is running on port 8080
2025-07-03T03:55:44.597Z [INSIGHT-HUB 🚥] [32minfo[39m:: Server is running on port 8080
2025-07-03T03:55:52.896Z [INSIGHT-HUB 🚥] [31merror[39m:: Error - Resource Not Found - /api/health-check - GET - ::1 - 404
2025-07-03T03:57:58.293Z [INSIGHT-HUB 🚥] [32minfo[39m:: Server is running on port 8080
2025-07-03T03:58:46.167Z [INSIGHT-HUB 🚥] [32minfo[39m:: Server is running on port 8080
2025-07-03T03:59:54.393Z [INSIGHT-HUB 🚥] [32minfo[39m:: Server is running on port 8080
2025-07-03T04:00:00.409Z [INSIGHT-HUB 🚥] [32minfo[39m:: Server is running on port 8080
2025-07-03T04:00:42.831Z [INSIGHT-HUB 🚥] [32minfo[39m:: Server is running on port 8080
2025-07-03T04:00:49.843Z [INSIGHT-HUB 🚥] [32minfo[39m:: Server is running on port 8080
2025-07-03T05:20:46.186Z [INSIGHT-HUB 🚥] [31merror[39m:: Error - Test error - /test - GET - 127.0.0.1 - 500
2025-07-03T05:20:46.279Z [INSIGHT-HUB 🚥] [31merror[39m:: Error verifying access token: JsonWebTokenError: jwt malformed
2025-07-03T05:21:35.176Z [INSIGHT-HUB 🚥] [31merror[39m:: Error verifying access token: JsonWebTokenError: jwt malformed
2025-07-03T05:21:35.180Z [INSIGHT-HUB 🚥] [31merror[39m:: Error - Test error - /test - GET - 127.0.0.1 - 500
2025-07-03T05:23:42.226Z [INSIGHT-HUB 🚥] [31merror[39m:: Error - Test error - /test - GET - 127.0.0.1 - 500
2025-07-03T05:23:42.354Z [INSIGHT-HUB 🚥] [31merror[39m:: Error verifying access token: JsonWebTokenError: jwt malformed
2025-07-03T05:27:39.822Z [INSIGHT-HUB 🚥] [31merror[39m:: Error - Test error - /test - GET - 127.0.0.1 - 500
2025-07-03T05:27:39.875Z [INSIGHT-HUB 🚥] [31merror[39m:: Error verifying access token: JsonWebTokenError: jwt malformed
2025-07-03T05:29:38.966Z [INSIGHT-HUB 🚥] [31merror[39m:: Error - Test error - /test - GET - 127.0.0.1 - 500
2025-07-03T05:29:39.071Z [INSIGHT-HUB 🚥] [31merror[39m:: Error verifying access token: JsonWebTokenError: jwt malformed
2025-07-03T05:30:03.235Z [INSIGHT-HUB 🚥] [31merror[39m:: Error - Test error - /test - GET - 127.0.0.1 - 500
2025-07-03T05:30:03.333Z [INSIGHT-HUB 🚥] [31merror[39m:: Error verifying access token: JsonWebTokenError: jwt malformed
2025-07-03T05:33:48.921Z [INSIGHT-HUB 🚥] [31merror[39m:: Error - Test error - /test - GET - 127.0.0.1 - 500
2025-07-03T05:33:49.044Z [INSIGHT-HUB 🚥] [31merror[39m:: Error verifying access token: JsonWebTokenError: jwt malformed
2025-07-03T05:38:25.855Z [INSIGHT-HUB 🚥] [31merror[39m:: Error - Test error - /test - GET - 127.0.0.1 - 500
2025-07-03T05:38:25.924Z [INSIGHT-HUB 🚥] [31merror[39m:: Error verifying access token: JsonWebTokenError: jwt malformed
2025-07-03T05:38:40.905Z [INSIGHT-HUB 🚥] [31merror[39m:: Error - Test error - /test - GET - 127.0.0.1 - 500
2025-07-03T05:38:41.078Z [INSIGHT-HUB 🚥] [31merror[39m:: Error verifying access token: JsonWebTokenError: jwt malformed
2025-07-03T06:35:42.904Z [INSIGHT-HUB 🚥] [32minfo[39m:: Server is running on port 8080
2025-07-03T06:40:13.811Z [INSIGHT-HUB 🚥] [31merror[39m:: Error - Test error - /test - GET - 127.0.0.1 - 500
2025-07-03T06:40:14.180Z [INSIGHT-HUB 🚥] [31merror[39m:: Error verifying access token: JsonWebTokenError: jwt malformed
2025-07-03T06:40:14.421Z [INSIGHT-HUB 🚥] [32minfo[39m:: Server is running on port 8080
2025-07-03T06:40:29.419Z [INSIGHT-HUB 🚥] [31merror[39m:: Error - Test error - /test - GET - 127.0.0.1 - 500
2025-07-03T06:40:29.478Z [INSIGHT-HUB 🚥] [31merror[39m:: Error verifying access token: JsonWebTokenError: jwt malformed
2025-07-04T02:00:41.700Z [INSIGHT-HUB 🚥] [32minfo[39m:: Logging in user with email: john.doe@mail.com
2025-07-04T02:00:41.768Z [INSIGHT-HUB 🚥] [31merror[39m:: Error logging in user: Resource Not Found: User with email john.doe@mail.com does not exist
2025-07-04T02:03:51.520Z [INSIGHT-HUB 🚥] [32minfo[39m:: Logging in user with email: john.doe@mail.com
2025-07-04T02:03:51.577Z [INSIGHT-HUB 🚥] [31merror[39m:: Error logging in user: Resource Not Found: User with email john.doe@mail.com does not exist
2025-07-04T02:21:17.321Z [INSIGHT-HUB 🚥] [32minfo[39m:: Logging in user with email: john.doe@mail.com
2025-07-04T02:21:17.368Z [INSIGHT-HUB 🚥] [31merror[39m:: Error logging in user: Resource Not Found: User with email john.doe@mail.com does not exist
2025-07-04T02:26:22.564Z [INSIGHT-HUB 🚥] [32minfo[39m:: Logging in user with email: john.doe@mail.com
2025-07-04T02:26:22.615Z [INSIGHT-HUB 🚥] [31merror[39m:: Error logging in user: Resource Not Found: User with email john.doe@mail.com does not exist
2025-07-04T02:26:22.633Z [INSIGHT-HUB 🚥] [32minfo[39m:: Logging in user with email: john.doe@mail.com
2025-07-04T02:26:22.634Z [INSIGHT-HUB 🚥] [31merror[39m:: Error logging in user: Resource Not Found: User with email john.doe@mail.com does not exist
2025-07-04T03:46:36.264Z [INSIGHT-HUB 🚥] [32minfo[39m:: Server is running on port 8080
2025-07-04T03:47:13.190Z [INSIGHT-HUB 🚥] [32minfo[39m:: Server is running on port 8080
2025-07-04T03:48:48.647Z [INSIGHT-HUB 🚥] [32minfo[39m:: Server is running on port 8080
2025-07-04T03:50:15.552Z [INSIGHT-HUB 🚥] [32minfo[39m:: Server is running on port 8080
2025-07-04T03:51:12.060Z [INSIGHT-HUB 🚥] [32minfo[39m:: Server is running on port 8080
2025-07-04T03:53:03.264Z [INSIGHT-HUB 🚥] [32minfo[39m:: Server is running on port 8080
2025-07-04T03:55:20.887Z [INSIGHT-HUB 🚥] [32minfo[39m:: Server is running on port 8080
2025-07-04T03:56:09.912Z [INSIGHT-HUB 🚥] [32minfo[39m:: Server is running on port 8080
2025-07-04T03:59:27.868Z [INSIGHT-HUB 🚥] [32minfo[39m:: Server is running on port 8080
2025-07-04T03:59:50.811Z [INSIGHT-HUB 🚥] [32minfo[39m:: Server is running on port 8080
2025-07-04T04:00:28.412Z [INSIGHT-HUB 🚥] [31merror[39m:: Error - Test error - /test - GET - 127.0.0.1 - 500
2025-07-04T04:00:28.409Z [INSIGHT-HUB 🚥] [31merror[39m:: Error verifying access token: JsonWebTokenError: jwt malformed
2025-07-04T04:00:28.648Z [INSIGHT-HUB 🚥] [32minfo[39m:: Server is running on port 8080
2025-07-04T04:28:58.462Z [INSIGHT-HUB 🚥] [32minfo[39m:: Server is running on port 8080
2025-07-04T04:29:17.547Z [INSIGHT-HUB 🚥] [32minfo[39m:: Server is running on port 8080
2025-07-04T04:31:18.680Z [INSIGHT-HUB 🚥] [32minfo[39m:: Server is running on port 8080
2025-07-04T04:31:54.796Z [INSIGHT-HUB 🚥] [32minfo[39m:: Server is running on port 8080
2025-07-04T04:33:35.917Z [INSIGHT-HUB 🚥] [32minfo[39m:: Server is running on port 8080
2025-07-04T04:34:23.324Z [INSIGHT-HUB 🚥] [32minfo[39m:: Server is running on port 8080
2025-07-04T04:34:49.649Z [INSIGHT-HUB 🚥] [31merror[39m:: Error verifying access token: JsonWebTokenError: jwt malformed
2025-07-04T04:34:50.022Z [INSIGHT-HUB 🚥] [31merror[39m:: Error - Test error - /test - GET - 127.0.0.1 - 500
2025-07-04T04:34:50.355Z [INSIGHT-HUB 🚥] [32minfo[39m:: Server is running on port 8080
2025-07-04T04:35:06.872Z [INSIGHT-HUB 🚥] [31merror[39m:: Error - Test error - /test - GET - 127.0.0.1 - 500
2025-07-04T04:35:07.000Z [INSIGHT-HUB 🚥] [31merror[39m:: Error verifying access token: JsonWebTokenError: jwt malformed
2025-07-04T05:56:29.139Z [INSIGHT-HUB 🚥] [32minfo[39m:: Server is running on port 8080
2025-07-04T05:57:38.528Z [INSIGHT-HUB 🚥] [32minfo[39m:: Server is running on port 8080
2025-07-04T05:59:14.384Z [INSIGHT-HUB 🚥] [32minfo[39m:: Server is running on port 8080
2025-07-05T16:47:15.773Z [INSIGHT-HUB 🚥] [32minfo[39m:: Server is running on port 8080
2025-07-05T17:41:40.722Z [INSIGHT-HUB 🚥] [32minfo[39m:: Server is running on port 8080
2025-07-05T17:43:16.867Z [INSIGHT-HUB 🚥] [31merror[39m:: Error - Test error - /test - GET - 127.0.0.1 - 500
2025-07-05T17:43:16.925Z [INSIGHT-HUB 🚥] [31merror[39m:: Error verifying access token: JsonWebTokenError: jwt malformed
2025-07-05T17:43:17.316Z [INSIGHT-HUB 🚥] [32minfo[39m:: Server is running on port 8080
2025-07-05T17:46:56.467Z [INSIGHT-HUB 🚥] [31merror[39m:: Error generating token for user 1: Bad Request: User does not exist
2025-07-05T17:46:56.472Z [INSIGHT-HUB 🚥] [31merror[39m:: Error verifying access token: JsonWebTokenError: jwt malformed
2025-07-05T17:46:58.809Z [INSIGHT-HUB 🚥] [32minfo[39m:: Server is running on port 8080
2025-07-05T17:48:27.391Z [INSIGHT-HUB 🚥] [31merror[39m:: Error generating token for user 1: Bad Request: User does not exist
2025-07-05T17:48:27.397Z [INSIGHT-HUB 🚥] [31merror[39m:: Error verifying access token: JsonWebTokenError: jwt malformed
2025-07-05T17:48:27.400Z [INSIGHT-HUB 🚥] [31merror[39m:: Error refreshing access token: JsonWebTokenError: jwt malformed
2025-07-05T17:48:29.953Z [INSIGHT-HUB 🚥] [32minfo[39m:: Server is running on port 8080
2025-07-05T17:49:04.154Z [INSIGHT-HUB 🚥] [32minfo[39m:: Server is running on port 8080
2025-07-05T17:49:38.122Z [INSIGHT-HUB 🚥] [31merror[39m:: Error - Test error - /test - GET - 127.0.0.1 - 500
2025-07-05T17:49:38.527Z [INSIGHT-HUB 🚥] [32minfo[39m:: Server is running on port 8080
2025-07-05T17:49:38.598Z [INSIGHT-HUB 🚥] [31merror[39m:: Error generating token for user 1: Bad Request: User does not exist
2025-07-05T17:49:38.604Z [INSIGHT-HUB 🚥] [31merror[39m:: Error verifying access token: JsonWebTokenError: jwt malformed
2025-07-05T17:49:38.608Z [INSIGHT-HUB 🚥] [31merror[39m:: Error refreshing access token: JsonWebTokenError: jwt malformed
2025-07-05T17:51:05.540Z [INSIGHT-HUB 🚥] [32minfo[39m:: Server is running on port 8080
2025-07-05T17:51:21.357Z [INSIGHT-HUB 🚥] [32minfo[39m:: Server is running on port 8080
2025-07-05T17:58:13.215Z [INSIGHT-HUB 🚥] [32minfo[39m:: Server is running on port 8080
2025-07-05T18:00:47.650Z [INSIGHT-HUB 🚥] [31merror[39m:: Error sending password reset email: SMTP Error
2025-07-05T18:00:51.294Z [INSIGHT-HUB 🚥] [32minfo[39m:: Server is running on port 8080
2025-07-05T18:05:23.938Z [INSIGHT-HUB 🚥] [31merror[39m:: Error - Test error - /test - GET - 127.0.0.1 - 500
2025-07-05T18:05:24.138Z [INSIGHT-HUB 🚥] [31merror[39m:: Error sending password reset email: SMTP Error
2025-07-05T18:05:24.254Z [INSIGHT-HUB 🚥] [31merror[39m:: Error generating token for user 1: Bad Request: User does not exist
2025-07-05T18:05:24.260Z [INSIGHT-HUB 🚥] [31merror[39m:: Error verifying access token: JsonWebTokenError: jwt malformed
2025-07-05T18:05:24.263Z [INSIGHT-HUB 🚥] [31merror[39m:: Error refreshing access token: JsonWebTokenError: jwt malformed
2025-07-05T18:05:24.339Z [INSIGHT-HUB 🚥] [32minfo[39m:: Server is running on port 8080
2025-07-05T18:06:51.730Z [INSIGHT-HUB 🚥] [32minfo[39m:: Server is running on port 8080
2025-07-05T18:06:58.569Z [INSIGHT-HUB 🚥] [32minfo[39m:: Server is running on port 8080
2025-07-05T18:07:07.587Z [INSIGHT-HUB 🚥] [32minfo[39m:: Server is running on port 8080
2025-07-05T18:07:20.094Z [INSIGHT-HUB 🚥] [32minfo[39m:: Server is running on port 8080
2025-07-05T18:10:18.723Z [INSIGHT-HUB 🚥] [32minfo[39m:: Server is running on port 8080
2025-07-05T18:13:11.946Z [INSIGHT-HUB 🚥] [32minfo[39m:: Server is running on port 8080
2025-07-05T18:16:21.859Z [INSIGHT-HUB 🚥] [32minfo[39m:: Logging in user with email: test@example.com
2025-07-05T18:16:21.862Z [INSIGHT-HUB 🚥] [32minfo[39m:: Logging in user with email: test@example.com
2025-07-05T18:16:21.862Z [INSIGHT-HUB 🚥] [31merror[39m:: Error logging in user: Resource Not Found: User with email test@example.com does not exist
2025-07-05T18:16:21.871Z [INSIGHT-HUB 🚥] [32minfo[39m:: Logging in user with email: test@example.com
2025-07-05T18:16:21.871Z [INSIGHT-HUB 🚥] [31merror[39m:: Error logging in user: Not Authorized: Invalid email or password
2025-07-05T18:16:21.872Z [INSIGHT-HUB 🚥] [32minfo[39m:: Logging in user with email: test@example.com
2025-07-05T18:16:21.872Z [INSIGHT-HUB 🚥] [31merror[39m:: Error logging in user: Error: Database error
2025-07-05T18:16:21.873Z [INSIGHT-HUB 🚥] [32minfo[39m:: Logging in user with email: newuser@example.com
2025-07-05T18:16:21.873Z [INSIGHT-HUB 🚥] [32minfo[39m:: Logging in user with email: newuser@example.com
2025-07-05T18:16:21.874Z [INSIGHT-HUB 🚥] [31merror[39m:: Error registering user: Bad Request: User with email newuser@example.com already exists
2025-07-05T18:16:21.874Z [INSIGHT-HUB 🚥] [32minfo[39m:: Logging in user with email: newuser@example.com
2025-07-05T18:16:21.874Z [INSIGHT-HUB 🚥] [31merror[39m:: Error registering user: Error: Database error
2025-07-05T18:16:21.875Z [INSIGHT-HUB 🚥] [32minfo[39m:: Requesting reset password link for : test@example.com
2025-07-05T18:16:21.876Z [INSIGHT-HUB 🚥] [32minfo[39m:: Requesting reset password link for : test@example.com
2025-07-05T18:16:21.876Z [INSIGHT-HUB 🚥] [31merror[39m:: Error requesting reset password link: Resource Not Found: User with email test@example.com does not exist
2025-07-05T18:16:21.876Z [INSIGHT-HUB 🚥] [32minfo[39m:: Requesting reset password link for : test@example.com
2025-07-05T18:16:21.876Z [INSIGHT-HUB 🚥] [31merror[39m:: Error requesting reset password link: Error: Database error
2025-07-05T18:16:21.877Z [INSIGHT-HUB 🚥] [32minfo[39m:: Resetting password for user with email: test@example.com
2025-07-05T18:16:21.877Z [INSIGHT-HUB 🚥] [32minfo[39m:: Resetting password for user with email: test@example.com
2025-07-05T18:16:21.877Z [INSIGHT-HUB 🚥] [31merror[39m:: Error resetting password: Resource Not Found: User with email test@example.com does not exist
2025-07-05T18:16:21.878Z [INSIGHT-HUB 🚥] [32minfo[39m:: Resetting password for user with email: test@example.com
2025-07-05T18:16:21.878Z [INSIGHT-HUB 🚥] [31merror[39m:: Error resetting password: Error: Database error
2025-07-05T18:16:21.878Z [INSIGHT-HUB 🚥] [32minfo[39m:: Refreshing token for user
2025-07-05T18:16:21.879Z [INSIGHT-HUB 🚥] [32minfo[39m:: Refreshing token for user
2025-07-05T18:16:21.879Z [INSIGHT-HUB 🚥] [31merror[39m:: Error refreshing token: Bad Request: Refresh token is required
2025-07-05T18:16:21.879Z [INSIGHT-HUB 🚥] [32minfo[39m:: Refreshing token for user
2025-07-05T18:16:21.880Z [INSIGHT-HUB 🚥] [31merror[39m:: Error refreshing token: Not Authorized: Invalid or expired refresh token
2025-07-05T18:16:21.882Z [INSIGHT-HUB 🚥] [32minfo[39m:: Refreshing token for user
2025-07-05T18:16:21.882Z [INSIGHT-HUB 🚥] [31merror[39m:: Error refreshing token: Resource Not Found: User does not exist
2025-07-05T18:16:21.883Z [INSIGHT-HUB 🚥] [32minfo[39m:: Refreshing token for user
2025-07-05T18:16:21.883Z [INSIGHT-HUB 🚥] [31merror[39m:: Error refreshing token: Error: JWT error
2025-07-05T18:16:24.621Z [INSIGHT-HUB 🚥] [32minfo[39m:: Server is running on port 8080
2025-07-05T18:17:08.578Z [INSIGHT-HUB 🚥] [31merror[39m:: Error sending password reset email: SMTP Error
2025-07-05T18:17:08.904Z [INSIGHT-HUB 🚥] [31merror[39m:: Error generating token for user 1: Bad Request: User does not exist
2025-07-05T18:17:08.911Z [INSIGHT-HUB 🚥] [31merror[39m:: Error verifying access token: JsonWebTokenError: jwt malformed
2025-07-05T18:17:08.916Z [INSIGHT-HUB 🚥] [31merror[39m:: Error refreshing access token: JsonWebTokenError: jwt malformed
2025-07-05T18:17:09.499Z [INSIGHT-HUB 🚥] [31merror[39m:: Error - Test error - /test - GET - 127.0.0.1 - 500
2025-07-05T18:17:09.864Z [INSIGHT-HUB 🚥] [32minfo[39m:: Logging in user with email: test@example.com
2025-07-05T18:17:09.873Z [INSIGHT-HUB 🚥] [32minfo[39m:: Logging in user with email: test@example.com
2025-07-05T18:17:09.873Z [INSIGHT-HUB 🚥] [31merror[39m:: Error logging in user: Resource Not Found: User with email test@example.com does not exist
2025-07-05T18:17:09.885Z [INSIGHT-HUB 🚥] [32minfo[39m:: Logging in user with email: test@example.com
2025-07-05T18:17:09.885Z [INSIGHT-HUB 🚥] [31merror[39m:: Error logging in user: Not Authorized: Invalid email or password
2025-07-05T18:17:09.886Z [INSIGHT-HUB 🚥] [32minfo[39m:: Logging in user with email: test@example.com
2025-07-05T18:17:09.886Z [INSIGHT-HUB 🚥] [31merror[39m:: Error logging in user: Error: Database error
2025-07-05T18:17:09.887Z [INSIGHT-HUB 🚥] [32minfo[39m:: Logging in user with email: newuser@example.com
2025-07-05T18:17:09.888Z [INSIGHT-HUB 🚥] [32minfo[39m:: Logging in user with email: newuser@example.com
2025-07-05T18:17:09.889Z [INSIGHT-HUB 🚥] [31merror[39m:: Error registering user: Bad Request: User with email newuser@example.com already exists
2025-07-05T18:17:09.889Z [INSIGHT-HUB 🚥] [32minfo[39m:: Logging in user with email: newuser@example.com
2025-07-05T18:17:09.889Z [INSIGHT-HUB 🚥] [31merror[39m:: Error registering user: Error: Database error
2025-07-05T18:17:09.890Z [INSIGHT-HUB 🚥] [32minfo[39m:: Requesting reset password link for : test@example.com
2025-07-05T18:17:09.891Z [INSIGHT-HUB 🚥] [32minfo[39m:: Requesting reset password link for : test@example.com
2025-07-05T18:17:09.891Z [INSIGHT-HUB 🚥] [31merror[39m:: Error requesting reset password link: Resource Not Found: User with email test@example.com does not exist
2025-07-05T18:17:09.892Z [INSIGHT-HUB 🚥] [32minfo[39m:: Requesting reset password link for : test@example.com
2025-07-05T18:17:09.892Z [INSIGHT-HUB 🚥] [31merror[39m:: Error requesting reset password link: Error: Database error
2025-07-05T18:17:09.893Z [INSIGHT-HUB 🚥] [32minfo[39m:: Resetting password for user with email: test@example.com
2025-07-05T18:17:09.894Z [INSIGHT-HUB 🚥] [32minfo[39m:: Resetting password for user with email: test@example.com
2025-07-05T18:17:09.894Z [INSIGHT-HUB 🚥] [31merror[39m:: Error resetting password: Resource Not Found: User with email test@example.com does not exist
2025-07-05T18:17:09.894Z [INSIGHT-HUB 🚥] [32minfo[39m:: Resetting password for user with email: test@example.com
2025-07-05T18:17:09.895Z [INSIGHT-HUB 🚥] [31merror[39m:: Error resetting password: Error: Database error
2025-07-05T18:17:09.895Z [INSIGHT-HUB 🚥] [32minfo[39m:: Refreshing token for user
2025-07-05T18:17:09.896Z [INSIGHT-HUB 🚥] [32minfo[39m:: Refreshing token for user
2025-07-05T18:17:09.896Z [INSIGHT-HUB 🚥] [31merror[39m:: Error refreshing token: Bad Request: Refresh token is required
2025-07-05T18:17:09.897Z [INSIGHT-HUB 🚥] [32minfo[39m:: Refreshing token for user
2025-07-05T18:17:09.898Z [INSIGHT-HUB 🚥] [31merror[39m:: Error refreshing token: Not Authorized: Invalid or expired refresh token
2025-07-05T18:17:09.902Z [INSIGHT-HUB 🚥] [32minfo[39m:: Refreshing token for user
2025-07-05T18:17:09.902Z [INSIGHT-HUB 🚥] [31merror[39m:: Error refreshing token: Resource Not Found: User does not exist
2025-07-05T18:17:09.902Z [INSIGHT-HUB 🚥] [32minfo[39m:: Refreshing token for user
2025-07-05T18:17:09.903Z [INSIGHT-HUB 🚥] [31merror[39m:: Error refreshing token: Error: JWT error
2025-07-05T18:17:10.159Z [INSIGHT-HUB 🚥] [32minfo[39m:: Server is running on port 8080
2025-07-05T18:17:46.680Z [INSIGHT-HUB 🚥] [32minfo[39m:: Server is running on port 8080
2025-07-05T18:17:54.106Z [INSIGHT-HUB 🚥] [32minfo[39m:: Server is running on port 8080
2025-07-05T18:20:39.041Z [INSIGHT-HUB 🚥] [32minfo[39m:: Finding user with ID: 1
2025-07-05T18:20:39.044Z [INSIGHT-HUB 🚥] [32minfo[39m:: Finding user with ID: 1
2025-07-05T18:20:39.044Z [INSIGHT-HUB 🚥] [31merror[39m:: Error finding user by ID: Resource Not Found: User with ID 1 not found
2025-07-05T18:20:39.052Z [INSIGHT-HUB 🚥] [32minfo[39m:: Finding user with ID: 1
2025-07-05T18:20:39.052Z [INSIGHT-HUB 🚥] [31merror[39m:: Error finding user by ID: Bad Request: User with ID 1 is not active
2025-07-05T18:20:39.063Z [INSIGHT-HUB 🚥] [32minfo[39m:: Finding user with ID: 1
2025-07-05T18:20:39.063Z [INSIGHT-HUB 🚥] [31merror[39m:: Error finding user by ID: Error: Database error
2025-07-05T18:20:39.064Z [INSIGHT-HUB 🚥] [32minfo[39m:: Updating user with ID: 1
2025-07-05T18:20:39.065Z [INSIGHT-HUB 🚥] [32minfo[39m:: Updating user with ID: 1
2025-07-05T18:20:39.066Z [INSIGHT-HUB 🚥] [32minfo[39m:: Updating user with ID: 999
2025-07-05T18:20:39.066Z [INSIGHT-HUB 🚥] [31merror[39m:: Error updating user: Resource Not Found: User with ID 999 not found
2025-07-05T18:20:39.067Z [INSIGHT-HUB 🚥] [32minfo[39m:: Updating user with ID: 1
2025-07-05T18:20:39.067Z [INSIGHT-HUB 🚥] [31merror[39m:: Error updating user: Bad Request: User with ID 1 is not active
2025-07-05T18:20:39.076Z [INSIGHT-HUB 🚥] [32minfo[39m:: Updating user with ID: 1
2025-07-05T18:20:39.076Z [INSIGHT-HUB 🚥] [31merror[39m:: Error updating user: Conflict: Current password is incorrect
2025-07-05T18:20:39.078Z [INSIGHT-HUB 🚥] [32minfo[39m:: Updating user with ID: 1
2025-07-05T18:20:39.078Z [INSIGHT-HUB 🚥] [31merror[39m:: Error updating user: Bad Request: Invalid role: INVALID_ROLE
2025-07-05T18:20:39.080Z [INSIGHT-HUB 🚥] [32minfo[39m:: Updating user with ID: 1
2025-07-05T18:20:39.080Z [INSIGHT-HUB 🚥] [32minfo[39m:: Updating user with ID: 1
2025-07-05T18:20:39.081Z [INSIGHT-HUB 🚥] [31merror[39m:: Error updating user: Error: Database error
2025-07-05T18:20:39.081Z [INSIGHT-HUB 🚥] [32minfo[39m:: Deleteing user with ID: 1
2025-07-05T18:20:39.081Z [INSIGHT-HUB 🚥] [32minfo[39m:: Deleteing user with ID: 1
2025-07-05T18:20:39.081Z [INSIGHT-HUB 🚥] [31merror[39m:: Error deleting user: Resource Not Found: User with ID 1 not found
2025-07-05T18:20:39.082Z [INSIGHT-HUB 🚥] [32minfo[39m:: Deleteing user with ID: 1
2025-07-05T18:20:39.082Z [INSIGHT-HUB 🚥] [31merror[39m:: Error deleting user: Error: Database error
2025-07-05T18:20:39.082Z [INSIGHT-HUB 🚥] [32minfo[39m:: Deleteing user with ID: 1
2025-07-05T18:20:41.144Z [INSIGHT-HUB 🚥] [32minfo[39m:: Server is running on port 8080
2025-07-05T18:22:29.986Z [INSIGHT-HUB 🚥] [32minfo[39m:: Finding user with ID: 1
2025-07-05T18:22:29.989Z [INSIGHT-HUB 🚥] [32minfo[39m:: Finding user with ID: 1
2025-07-05T18:22:29.989Z [INSIGHT-HUB 🚥] [31merror[39m:: Error finding user by ID: Resource Not Found: User with ID 1 not found
2025-07-05T18:22:29.997Z [INSIGHT-HUB 🚥] [32minfo[39m:: Finding user with ID: 1
2025-07-05T18:22:29.998Z [INSIGHT-HUB 🚥] [31merror[39m:: Error finding user by ID: Bad Request: User with ID 1 is not active
2025-07-05T18:22:29.998Z [INSIGHT-HUB 🚥] [32minfo[39m:: Finding user with ID: 1
2025-07-05T18:22:29.998Z [INSIGHT-HUB 🚥] [31merror[39m:: Error finding user by ID: Error: Database error
2025-07-05T18:22:29.999Z [INSIGHT-HUB 🚥] [32minfo[39m:: Updating user with ID: 1
2025-07-05T18:22:30.000Z [INSIGHT-HUB 🚥] [32minfo[39m:: Updating user with ID: 1
2025-07-05T18:22:30.002Z [INSIGHT-HUB 🚥] [32minfo[39m:: Updating user with ID: 999
2025-07-05T18:22:30.002Z [INSIGHT-HUB 🚥] [31merror[39m:: Error updating user: Resource Not Found: User with ID 999 not found
2025-07-05T18:22:30.002Z [INSIGHT-HUB 🚥] [32minfo[39m:: Updating user with ID: 1
2025-07-05T18:22:30.003Z [INSIGHT-HUB 🚥] [31merror[39m:: Error updating user: Bad Request: User with ID 1 is not active
2025-07-05T18:22:30.003Z [INSIGHT-HUB 🚥] [32minfo[39m:: Updating user with ID: 1
2025-07-05T18:22:30.003Z [INSIGHT-HUB 🚥] [31merror[39m:: Error updating user: Conflict: Current password is incorrect
2025-07-05T18:22:30.004Z [INSIGHT-HUB 🚥] [32minfo[39m:: Updating user with ID: 1
2025-07-05T18:22:30.004Z [INSIGHT-HUB 🚥] [31merror[39m:: Error updating user: Bad Request: Invalid role: INVALID_ROLE
2025-07-05T18:22:30.004Z [INSIGHT-HUB 🚥] [32minfo[39m:: Updating user with ID: 1
2025-07-05T18:22:30.004Z [INSIGHT-HUB 🚥] [32minfo[39m:: Updating user with ID: 1
2025-07-05T18:22:30.005Z [INSIGHT-HUB 🚥] [31merror[39m:: Error updating user: Error: Database error
2025-07-05T18:22:30.005Z [INSIGHT-HUB 🚥] [32minfo[39m:: Deleteing user with ID: 1
2025-07-05T18:22:30.006Z [INSIGHT-HUB 🚥] [32minfo[39m:: Deleteing user with ID: 1
2025-07-05T18:22:30.006Z [INSIGHT-HUB 🚥] [31merror[39m:: Error deleting user: Resource Not Found: User with ID 1 not found
2025-07-05T18:22:30.006Z [INSIGHT-HUB 🚥] [32minfo[39m:: Deleteing user with ID: 1
2025-07-05T18:22:30.009Z [INSIGHT-HUB 🚥] [31merror[39m:: Error deleting user: Error: Database error
2025-07-05T18:22:30.009Z [INSIGHT-HUB 🚥] [32minfo[39m:: Deleteing user with ID: 1
2025-07-05T18:22:33.285Z [INSIGHT-HUB 🚥] [32minfo[39m:: Server is running on port 8080
2025-07-05T18:23:14.333Z [INSIGHT-HUB 🚥] [32minfo[39m:: Server is running on port 8080
2025-07-05T18:23:46.245Z [INSIGHT-HUB 🚥] [32minfo[39m:: Finding user with ID: 1
2025-07-05T18:23:46.247Z [INSIGHT-HUB 🚥] [32minfo[39m:: Finding user with ID: 1
2025-07-05T18:23:46.247Z [INSIGHT-HUB 🚥] [31merror[39m:: Error finding user by ID: Resource Not Found: User with ID 1 not found
2025-07-05T18:23:46.257Z [INSIGHT-HUB 🚥] [32minfo[39m:: Finding user with ID: 1
2025-07-05T18:23:46.257Z [INSIGHT-HUB 🚥] [31merror[39m:: Error finding user by ID: Bad Request: User with ID 1 is not active
2025-07-05T18:23:46.257Z [INSIGHT-HUB 🚥] [32minfo[39m:: Finding user with ID: 1
2025-07-05T18:23:46.258Z [INSIGHT-HUB 🚥] [31merror[39m:: Error finding user by ID: Error: Database error
2025-07-05T18:23:46.259Z [INSIGHT-HUB 🚥] [32minfo[39m:: Updating user with ID: 1
2025-07-05T18:23:46.260Z [INSIGHT-HUB 🚥] [32minfo[39m:: Updating user with ID: 1
2025-07-05T18:23:46.261Z [INSIGHT-HUB 🚥] [32minfo[39m:: Updating user with ID: 999
2025-07-05T18:23:46.261Z [INSIGHT-HUB 🚥] [31merror[39m:: Error updating user: Resource Not Found: User with ID 999 not found
2025-07-05T18:23:46.262Z [INSIGHT-HUB 🚥] [32minfo[39m:: Updating user with ID: 1
2025-07-05T18:23:46.262Z [INSIGHT-HUB 🚥] [31merror[39m:: Error updating user: Bad Request: User with ID 1 is not active
2025-07-05T18:23:46.263Z [INSIGHT-HUB 🚥] [32minfo[39m:: Updating user with ID: 1
2025-07-05T18:23:46.263Z [INSIGHT-HUB 🚥] [31merror[39m:: Error updating user: Conflict: Current password is incorrect
2025-07-05T18:23:46.263Z [INSIGHT-HUB 🚥] [32minfo[39m:: Updating user with ID: 1
2025-07-05T18:23:46.263Z [INSIGHT-HUB 🚥] [31merror[39m:: Error updating user: Bad Request: Invalid role: INVALID_ROLE
2025-07-05T18:23:46.264Z [INSIGHT-HUB 🚥] [32minfo[39m:: Updating user with ID: 1
2025-07-05T18:23:46.264Z [INSIGHT-HUB 🚥] [32minfo[39m:: Updating user with ID: 1
2025-07-05T18:23:46.264Z [INSIGHT-HUB 🚥] [31merror[39m:: Error updating user: Error: Database error
2025-07-05T18:23:46.265Z [INSIGHT-HUB 🚥] [32minfo[39m:: Deleteing user with ID: 1
2025-07-05T18:23:46.266Z [INSIGHT-HUB 🚥] [32minfo[39m:: Deleteing user with ID: 1
2025-07-05T18:23:46.266Z [INSIGHT-HUB 🚥] [31merror[39m:: Error deleting user: Resource Not Found: User with ID 1 not found
2025-07-05T18:23:46.267Z [INSIGHT-HUB 🚥] [32minfo[39m:: Deleteing user with ID: 1
2025-07-05T18:23:46.267Z [INSIGHT-HUB 🚥] [31merror[39m:: Error deleting user: Error: Database error
2025-07-05T18:23:46.267Z [INSIGHT-HUB 🚥] [32minfo[39m:: Deleteing user with ID: 1
2025-07-05T18:24:58.397Z [INSIGHT-HUB 🚥] [32minfo[39m:: Finding user with ID: 1
2025-07-05T18:24:58.400Z [INSIGHT-HUB 🚥] [32minfo[39m:: Finding user with ID: 1
2025-07-05T18:24:58.400Z [INSIGHT-HUB 🚥] [31merror[39m:: Error finding user by ID: Resource Not Found: User with ID 1 not found
2025-07-05T18:24:58.410Z [INSIGHT-HUB 🚥] [32minfo[39m:: Finding user with ID: 1
2025-07-05T18:24:58.410Z [INSIGHT-HUB 🚥] [31merror[39m:: Error finding user by ID: Bad Request: User with ID 1 is not active
2025-07-05T18:24:58.410Z [INSIGHT-HUB 🚥] [32minfo[39m:: Finding user with ID: 1
2025-07-05T18:24:58.411Z [INSIGHT-HUB 🚥] [31merror[39m:: Error finding user by ID: Error: Database error
2025-07-05T18:24:58.412Z [INSIGHT-HUB 🚥] [32minfo[39m:: Updating user with ID: 1
2025-07-05T18:24:58.412Z [INSIGHT-HUB 🚥] [32minfo[39m:: Updating user with ID: 1
2025-07-05T18:24:58.413Z [INSIGHT-HUB 🚥] [32minfo[39m:: Updating user with ID: 999
2025-07-05T18:24:58.413Z [INSIGHT-HUB 🚥] [31merror[39m:: Error updating user: Resource Not Found: User with ID 999 not found
2025-07-05T18:24:58.414Z [INSIGHT-HUB 🚥] [32minfo[39m:: Updating user with ID: 1
2025-07-05T18:24:58.414Z [INSIGHT-HUB 🚥] [31merror[39m:: Error updating user: Bad Request: User with ID 1 is not active
2025-07-05T18:24:58.414Z [INSIGHT-HUB 🚥] [32minfo[39m:: Updating user with ID: 1
2025-07-05T18:24:58.414Z [INSIGHT-HUB 🚥] [31merror[39m:: Error updating user: Conflict: Current password is incorrect
2025-07-05T18:24:58.415Z [INSIGHT-HUB 🚥] [32minfo[39m:: Updating user with ID: 1
2025-07-05T18:24:58.415Z [INSIGHT-HUB 🚥] [31merror[39m:: Error updating user: Bad Request: Invalid role: INVALID_ROLE
2025-07-05T18:24:58.416Z [INSIGHT-HUB 🚥] [32minfo[39m:: Updating user with ID: 1
2025-07-05T18:24:58.416Z [INSIGHT-HUB 🚥] [32minfo[39m:: Updating user with ID: 1
2025-07-05T18:24:58.416Z [INSIGHT-HUB 🚥] [31merror[39m:: Error updating user: Error: Database error
2025-07-05T18:24:58.416Z [INSIGHT-HUB 🚥] [32minfo[39m:: Deleteing user with ID: 1
2025-07-05T18:24:58.417Z [INSIGHT-HUB 🚥] [32minfo[39m:: Deleteing user with ID: 1
2025-07-05T18:24:58.417Z [INSIGHT-HUB 🚥] [31merror[39m:: Error deleting user: Resource Not Found: User with ID 1 not found
2025-07-05T18:24:58.417Z [INSIGHT-HUB 🚥] [32minfo[39m:: Deleteing user with ID: 1
2025-07-05T18:24:58.418Z [INSIGHT-HUB 🚥] [31merror[39m:: Error deleting user: Error: Database error
2025-07-05T18:24:58.418Z [INSIGHT-HUB 🚥] [32minfo[39m:: Deleteing user with ID: 1
2025-07-05T18:25:01.183Z [INSIGHT-HUB 🚥] [32minfo[39m:: Server is running on port 8080
