2025-07-03T03:48:43.520Z [INSIGHT-HUB 🚥] [31merror[39m:: Not Authorized - No token provided - /api/auth/health-check - GET - ::1 - 403
2025-07-03T03:50:01.828Z [INSIGHT-HUB 🚥] [31merror[39m:: Not Authorized - No token provided - /api/auth/health-check - GET - ::1 - 500
2025-07-03T03:51:11.766Z [INSIGHT-HUB 🚥] [31merror[39m:: Not Authorized - No token provided - /api/auth/health-check - GET - ::1 - 403
2025-07-03T03:51:51.356Z [INSIGHT-HUB 🚥] [31merror[39m:: Not Authorized - No token provided - /api/auth/health-check - GET - ::1 - 403
2025-07-03T03:52:24.427Z [INSIGHT-HUB 🚥] [31merror[39m:: Error - Resource Not Found - /api/health-check - GET - ::1 - 500
2025-07-03T03:52:59.602Z [INSIGHT-HUB 🚥] [31merror[39m:: Error - Resource Not Found - /api/health-check - GET - ::1 - 500
2025-07-03T03:53:13.976Z [INSIGHT-HUB 🚥] [31merror[39m:: Error - Resource Not Found - /api/health-check - GET - ::1 - 500
2025-07-03T03:53:45.431Z [INSIGHT-HUB 🚥] [31merror[39m:: Error - Resource Not Found - /api/health-check - GET - ::1 - 404
2025-07-03T03:54:48.716Z [INSIGHT-HUB 🚥] [31merror[39m:: Error logging in user: Resource Not Found: User with email john.doe@mail.com does not exist
2025-07-03T03:54:48.718Z [INSIGHT-HUB 🚥] [31merror[39m:: Resource Not Found - User with email john.doe@mail.com does not exist - /api/auth/login - POST - ::1 - 404
2025-07-03T03:55:04.265Z [INSIGHT-HUB 🚥] [31merror[39m:: Error - Resource Not Found - /api/health-check - GET - ::1 - 404
2025-07-03T03:55:52.896Z [INSIGHT-HUB 🚥] [31merror[39m:: Error - Resource Not Found - /api/health-check - GET - ::1 - 404
2025-07-03T05:20:46.186Z [INSIGHT-HUB 🚥] [31merror[39m:: Error - Test error - /test - GET - 127.0.0.1 - 500
2025-07-03T05:20:46.279Z [INSIGHT-HUB 🚥] [31merror[39m:: Error verifying access token: JsonWebTokenError: jwt malformed
2025-07-03T05:21:35.176Z [INSIGHT-HUB 🚥] [31merror[39m:: Error verifying access token: JsonWebTokenError: jwt malformed
2025-07-03T05:21:35.180Z [INSIGHT-HUB 🚥] [31merror[39m:: Error - Test error - /test - GET - 127.0.0.1 - 500
2025-07-03T05:23:42.226Z [INSIGHT-HUB 🚥] [31merror[39m:: Error - Test error - /test - GET - 127.0.0.1 - 500
2025-07-03T05:23:42.354Z [INSIGHT-HUB 🚥] [31merror[39m:: Error verifying access token: JsonWebTokenError: jwt malformed
2025-07-03T05:27:39.822Z [INSIGHT-HUB 🚥] [31merror[39m:: Error - Test error - /test - GET - 127.0.0.1 - 500
2025-07-03T05:27:39.875Z [INSIGHT-HUB 🚥] [31merror[39m:: Error verifying access token: JsonWebTokenError: jwt malformed
2025-07-03T05:29:38.966Z [INSIGHT-HUB 🚥] [31merror[39m:: Error - Test error - /test - GET - 127.0.0.1 - 500
2025-07-03T05:29:39.071Z [INSIGHT-HUB 🚥] [31merror[39m:: Error verifying access token: JsonWebTokenError: jwt malformed
2025-07-03T05:30:03.235Z [INSIGHT-HUB 🚥] [31merror[39m:: Error - Test error - /test - GET - 127.0.0.1 - 500
2025-07-03T05:30:03.333Z [INSIGHT-HUB 🚥] [31merror[39m:: Error verifying access token: JsonWebTokenError: jwt malformed
2025-07-03T05:33:48.921Z [INSIGHT-HUB 🚥] [31merror[39m:: Error - Test error - /test - GET - 127.0.0.1 - 500
2025-07-03T05:33:49.044Z [INSIGHT-HUB 🚥] [31merror[39m:: Error verifying access token: JsonWebTokenError: jwt malformed
2025-07-03T05:38:25.855Z [INSIGHT-HUB 🚥] [31merror[39m:: Error - Test error - /test - GET - 127.0.0.1 - 500
2025-07-03T05:38:25.924Z [INSIGHT-HUB 🚥] [31merror[39m:: Error verifying access token: JsonWebTokenError: jwt malformed
2025-07-03T05:38:40.905Z [INSIGHT-HUB 🚥] [31merror[39m:: Error - Test error - /test - GET - 127.0.0.1 - 500
2025-07-03T05:38:41.078Z [INSIGHT-HUB 🚥] [31merror[39m:: Error verifying access token: JsonWebTokenError: jwt malformed
2025-07-03T06:40:13.811Z [INSIGHT-HUB 🚥] [31merror[39m:: Error - Test error - /test - GET - 127.0.0.1 - 500
2025-07-03T06:40:14.180Z [INSIGHT-HUB 🚥] [31merror[39m:: Error verifying access token: JsonWebTokenError: jwt malformed
2025-07-03T06:40:29.419Z [INSIGHT-HUB 🚥] [31merror[39m:: Error - Test error - /test - GET - 127.0.0.1 - 500
2025-07-03T06:40:29.478Z [INSIGHT-HUB 🚥] [31merror[39m:: Error verifying access token: JsonWebTokenError: jwt malformed
2025-07-04T02:00:41.768Z [INSIGHT-HUB 🚥] [31merror[39m:: Error logging in user: Resource Not Found: User with email john.doe@mail.com does not exist
2025-07-04T02:03:51.577Z [INSIGHT-HUB 🚥] [31merror[39m:: Error logging in user: Resource Not Found: User with email john.doe@mail.com does not exist
2025-07-04T02:21:17.368Z [INSIGHT-HUB 🚥] [31merror[39m:: Error logging in user: Resource Not Found: User with email john.doe@mail.com does not exist
2025-07-04T02:26:22.615Z [INSIGHT-HUB 🚥] [31merror[39m:: Error logging in user: Resource Not Found: User with email john.doe@mail.com does not exist
2025-07-04T02:26:22.634Z [INSIGHT-HUB 🚥] [31merror[39m:: Error logging in user: Resource Not Found: User with email john.doe@mail.com does not exist
2025-07-04T04:00:28.412Z [INSIGHT-HUB 🚥] [31merror[39m:: Error - Test error - /test - GET - 127.0.0.1 - 500
2025-07-04T04:00:28.409Z [INSIGHT-HUB 🚥] [31merror[39m:: Error verifying access token: JsonWebTokenError: jwt malformed
2025-07-04T04:34:49.649Z [INSIGHT-HUB 🚥] [31merror[39m:: Error verifying access token: JsonWebTokenError: jwt malformed
2025-07-04T04:34:50.022Z [INSIGHT-HUB 🚥] [31merror[39m:: Error - Test error - /test - GET - 127.0.0.1 - 500
2025-07-04T04:35:06.872Z [INSIGHT-HUB 🚥] [31merror[39m:: Error - Test error - /test - GET - 127.0.0.1 - 500
2025-07-04T04:35:07.000Z [INSIGHT-HUB 🚥] [31merror[39m:: Error verifying access token: JsonWebTokenError: jwt malformed
2025-07-05T17:43:16.867Z [INSIGHT-HUB 🚥] [31merror[39m:: Error - Test error - /test - GET - 127.0.0.1 - 500
2025-07-05T17:43:16.925Z [INSIGHT-HUB 🚥] [31merror[39m:: Error verifying access token: JsonWebTokenError: jwt malformed
2025-07-05T17:46:56.467Z [INSIGHT-HUB 🚥] [31merror[39m:: Error generating token for user 1: Bad Request: User does not exist
2025-07-05T17:46:56.472Z [INSIGHT-HUB 🚥] [31merror[39m:: Error verifying access token: JsonWebTokenError: jwt malformed
2025-07-05T17:48:27.391Z [INSIGHT-HUB 🚥] [31merror[39m:: Error generating token for user 1: Bad Request: User does not exist
2025-07-05T17:48:27.397Z [INSIGHT-HUB 🚥] [31merror[39m:: Error verifying access token: JsonWebTokenError: jwt malformed
2025-07-05T17:48:27.400Z [INSIGHT-HUB 🚥] [31merror[39m:: Error refreshing access token: JsonWebTokenError: jwt malformed
2025-07-05T17:49:38.122Z [INSIGHT-HUB 🚥] [31merror[39m:: Error - Test error - /test - GET - 127.0.0.1 - 500
2025-07-05T17:49:38.598Z [INSIGHT-HUB 🚥] [31merror[39m:: Error generating token for user 1: Bad Request: User does not exist
2025-07-05T17:49:38.604Z [INSIGHT-HUB 🚥] [31merror[39m:: Error verifying access token: JsonWebTokenError: jwt malformed
2025-07-05T17:49:38.608Z [INSIGHT-HUB 🚥] [31merror[39m:: Error refreshing access token: JsonWebTokenError: jwt malformed
2025-07-05T18:00:47.650Z [INSIGHT-HUB 🚥] [31merror[39m:: Error sending password reset email: SMTP Error
2025-07-05T18:05:23.938Z [INSIGHT-HUB 🚥] [31merror[39m:: Error - Test error - /test - GET - 127.0.0.1 - 500
2025-07-05T18:05:24.138Z [INSIGHT-HUB 🚥] [31merror[39m:: Error sending password reset email: SMTP Error
2025-07-05T18:05:24.254Z [INSIGHT-HUB 🚥] [31merror[39m:: Error generating token for user 1: Bad Request: User does not exist
2025-07-05T18:05:24.260Z [INSIGHT-HUB 🚥] [31merror[39m:: Error verifying access token: JsonWebTokenError: jwt malformed
2025-07-05T18:05:24.263Z [INSIGHT-HUB 🚥] [31merror[39m:: Error refreshing access token: JsonWebTokenError: jwt malformed
2025-07-05T18:16:21.862Z [INSIGHT-HUB 🚥] [31merror[39m:: Error logging in user: Resource Not Found: User with email test@example.com does not exist
2025-07-05T18:16:21.871Z [INSIGHT-HUB 🚥] [31merror[39m:: Error logging in user: Not Authorized: Invalid email or password
2025-07-05T18:16:21.872Z [INSIGHT-HUB 🚥] [31merror[39m:: Error logging in user: Error: Database error
2025-07-05T18:16:21.874Z [INSIGHT-HUB 🚥] [31merror[39m:: Error registering user: Bad Request: User with email newuser@example.com already exists
2025-07-05T18:16:21.874Z [INSIGHT-HUB 🚥] [31merror[39m:: Error registering user: Error: Database error
2025-07-05T18:16:21.876Z [INSIGHT-HUB 🚥] [31merror[39m:: Error requesting reset password link: Resource Not Found: User with email test@example.com does not exist
2025-07-05T18:16:21.876Z [INSIGHT-HUB 🚥] [31merror[39m:: Error requesting reset password link: Error: Database error
2025-07-05T18:16:21.877Z [INSIGHT-HUB 🚥] [31merror[39m:: Error resetting password: Resource Not Found: User with email test@example.com does not exist
2025-07-05T18:16:21.878Z [INSIGHT-HUB 🚥] [31merror[39m:: Error resetting password: Error: Database error
2025-07-05T18:16:21.879Z [INSIGHT-HUB 🚥] [31merror[39m:: Error refreshing token: Bad Request: Refresh token is required
2025-07-05T18:16:21.880Z [INSIGHT-HUB 🚥] [31merror[39m:: Error refreshing token: Not Authorized: Invalid or expired refresh token
2025-07-05T18:16:21.882Z [INSIGHT-HUB 🚥] [31merror[39m:: Error refreshing token: Resource Not Found: User does not exist
2025-07-05T18:16:21.883Z [INSIGHT-HUB 🚥] [31merror[39m:: Error refreshing token: Error: JWT error
2025-07-05T18:17:08.578Z [INSIGHT-HUB 🚥] [31merror[39m:: Error sending password reset email: SMTP Error
2025-07-05T18:17:08.904Z [INSIGHT-HUB 🚥] [31merror[39m:: Error generating token for user 1: Bad Request: User does not exist
2025-07-05T18:17:08.911Z [INSIGHT-HUB 🚥] [31merror[39m:: Error verifying access token: JsonWebTokenError: jwt malformed
2025-07-05T18:17:08.916Z [INSIGHT-HUB 🚥] [31merror[39m:: Error refreshing access token: JsonWebTokenError: jwt malformed
2025-07-05T18:17:09.499Z [INSIGHT-HUB 🚥] [31merror[39m:: Error - Test error - /test - GET - 127.0.0.1 - 500
2025-07-05T18:17:09.873Z [INSIGHT-HUB 🚥] [31merror[39m:: Error logging in user: Resource Not Found: User with email test@example.com does not exist
2025-07-05T18:17:09.885Z [INSIGHT-HUB 🚥] [31merror[39m:: Error logging in user: Not Authorized: Invalid email or password
2025-07-05T18:17:09.886Z [INSIGHT-HUB 🚥] [31merror[39m:: Error logging in user: Error: Database error
2025-07-05T18:17:09.889Z [INSIGHT-HUB 🚥] [31merror[39m:: Error registering user: Bad Request: User with email newuser@example.com already exists
2025-07-05T18:17:09.889Z [INSIGHT-HUB 🚥] [31merror[39m:: Error registering user: Error: Database error
2025-07-05T18:17:09.891Z [INSIGHT-HUB 🚥] [31merror[39m:: Error requesting reset password link: Resource Not Found: User with email test@example.com does not exist
2025-07-05T18:17:09.892Z [INSIGHT-HUB 🚥] [31merror[39m:: Error requesting reset password link: Error: Database error
2025-07-05T18:17:09.894Z [INSIGHT-HUB 🚥] [31merror[39m:: Error resetting password: Resource Not Found: User with email test@example.com does not exist
2025-07-05T18:17:09.895Z [INSIGHT-HUB 🚥] [31merror[39m:: Error resetting password: Error: Database error
2025-07-05T18:17:09.896Z [INSIGHT-HUB 🚥] [31merror[39m:: Error refreshing token: Bad Request: Refresh token is required
2025-07-05T18:17:09.898Z [INSIGHT-HUB 🚥] [31merror[39m:: Error refreshing token: Not Authorized: Invalid or expired refresh token
2025-07-05T18:17:09.902Z [INSIGHT-HUB 🚥] [31merror[39m:: Error refreshing token: Resource Not Found: User does not exist
2025-07-05T18:17:09.903Z [INSIGHT-HUB 🚥] [31merror[39m:: Error refreshing token: Error: JWT error
2025-07-05T18:20:39.044Z [INSIGHT-HUB 🚥] [31merror[39m:: Error finding user by ID: Resource Not Found: User with ID 1 not found
2025-07-05T18:20:39.052Z [INSIGHT-HUB 🚥] [31merror[39m:: Error finding user by ID: Bad Request: User with ID 1 is not active
2025-07-05T18:20:39.063Z [INSIGHT-HUB 🚥] [31merror[39m:: Error finding user by ID: Error: Database error
2025-07-05T18:20:39.066Z [INSIGHT-HUB 🚥] [31merror[39m:: Error updating user: Resource Not Found: User with ID 999 not found
2025-07-05T18:20:39.067Z [INSIGHT-HUB 🚥] [31merror[39m:: Error updating user: Bad Request: User with ID 1 is not active
2025-07-05T18:20:39.076Z [INSIGHT-HUB 🚥] [31merror[39m:: Error updating user: Conflict: Current password is incorrect
2025-07-05T18:20:39.078Z [INSIGHT-HUB 🚥] [31merror[39m:: Error updating user: Bad Request: Invalid role: INVALID_ROLE
2025-07-05T18:20:39.081Z [INSIGHT-HUB 🚥] [31merror[39m:: Error updating user: Error: Database error
2025-07-05T18:20:39.081Z [INSIGHT-HUB 🚥] [31merror[39m:: Error deleting user: Resource Not Found: User with ID 1 not found
2025-07-05T18:20:39.082Z [INSIGHT-HUB 🚥] [31merror[39m:: Error deleting user: Error: Database error
2025-07-05T18:22:29.989Z [INSIGHT-HUB 🚥] [31merror[39m:: Error finding user by ID: Resource Not Found: User with ID 1 not found
2025-07-05T18:22:29.998Z [INSIGHT-HUB 🚥] [31merror[39m:: Error finding user by ID: Bad Request: User with ID 1 is not active
2025-07-05T18:22:29.998Z [INSIGHT-HUB 🚥] [31merror[39m:: Error finding user by ID: Error: Database error
2025-07-05T18:22:30.002Z [INSIGHT-HUB 🚥] [31merror[39m:: Error updating user: Resource Not Found: User with ID 999 not found
2025-07-05T18:22:30.003Z [INSIGHT-HUB 🚥] [31merror[39m:: Error updating user: Bad Request: User with ID 1 is not active
2025-07-05T18:22:30.003Z [INSIGHT-HUB 🚥] [31merror[39m:: Error updating user: Conflict: Current password is incorrect
2025-07-05T18:22:30.004Z [INSIGHT-HUB 🚥] [31merror[39m:: Error updating user: Bad Request: Invalid role: INVALID_ROLE
2025-07-05T18:22:30.005Z [INSIGHT-HUB 🚥] [31merror[39m:: Error updating user: Error: Database error
2025-07-05T18:22:30.006Z [INSIGHT-HUB 🚥] [31merror[39m:: Error deleting user: Resource Not Found: User with ID 1 not found
2025-07-05T18:22:30.009Z [INSIGHT-HUB 🚥] [31merror[39m:: Error deleting user: Error: Database error
2025-07-05T18:23:46.247Z [INSIGHT-HUB 🚥] [31merror[39m:: Error finding user by ID: Resource Not Found: User with ID 1 not found
2025-07-05T18:23:46.257Z [INSIGHT-HUB 🚥] [31merror[39m:: Error finding user by ID: Bad Request: User with ID 1 is not active
2025-07-05T18:23:46.258Z [INSIGHT-HUB 🚥] [31merror[39m:: Error finding user by ID: Error: Database error
2025-07-05T18:23:46.261Z [INSIGHT-HUB 🚥] [31merror[39m:: Error updating user: Resource Not Found: User with ID 999 not found
2025-07-05T18:23:46.262Z [INSIGHT-HUB 🚥] [31merror[39m:: Error updating user: Bad Request: User with ID 1 is not active
2025-07-05T18:23:46.263Z [INSIGHT-HUB 🚥] [31merror[39m:: Error updating user: Conflict: Current password is incorrect
2025-07-05T18:23:46.263Z [INSIGHT-HUB 🚥] [31merror[39m:: Error updating user: Bad Request: Invalid role: INVALID_ROLE
2025-07-05T18:23:46.264Z [INSIGHT-HUB 🚥] [31merror[39m:: Error updating user: Error: Database error
2025-07-05T18:23:46.266Z [INSIGHT-HUB 🚥] [31merror[39m:: Error deleting user: Resource Not Found: User with ID 1 not found
2025-07-05T18:23:46.267Z [INSIGHT-HUB 🚥] [31merror[39m:: Error deleting user: Error: Database error
2025-07-05T18:24:58.400Z [INSIGHT-HUB 🚥] [31merror[39m:: Error finding user by ID: Resource Not Found: User with ID 1 not found
2025-07-05T18:24:58.410Z [INSIGHT-HUB 🚥] [31merror[39m:: Error finding user by ID: Bad Request: User with ID 1 is not active
2025-07-05T18:24:58.411Z [INSIGHT-HUB 🚥] [31merror[39m:: Error finding user by ID: Error: Database error
2025-07-05T18:24:58.413Z [INSIGHT-HUB 🚥] [31merror[39m:: Error updating user: Resource Not Found: User with ID 999 not found
2025-07-05T18:24:58.414Z [INSIGHT-HUB 🚥] [31merror[39m:: Error updating user: Bad Request: User with ID 1 is not active
2025-07-05T18:24:58.414Z [INSIGHT-HUB 🚥] [31merror[39m:: Error updating user: Conflict: Current password is incorrect
2025-07-05T18:24:58.415Z [INSIGHT-HUB 🚥] [31merror[39m:: Error updating user: Bad Request: Invalid role: INVALID_ROLE
2025-07-05T18:24:58.416Z [INSIGHT-HUB 🚥] [31merror[39m:: Error updating user: Error: Database error
2025-07-05T18:24:58.417Z [INSIGHT-HUB 🚥] [31merror[39m:: Error deleting user: Resource Not Found: User with ID 1 not found
2025-07-05T18:24:58.418Z [INSIGHT-HUB 🚥] [31merror[39m:: Error deleting user: Error: Database error
2025-07-05T18:26:25.063Z [INSIGHT-HUB 🚥] [31merror[39m:: Error - Test error - /test - GET - 127.0.0.1 - 500
2025-07-05T18:26:25.062Z [INSIGHT-HUB 🚥] [31merror[39m:: Error sending password reset email: SMTP Error
2025-07-05T18:26:25.051Z [INSIGHT-HUB 🚥] [31merror[39m:: Error logging in user: Resource Not Found: User with email test@example.com does not exist
2025-07-05T18:26:25.065Z [INSIGHT-HUB 🚥] [31merror[39m:: Error logging in user: Not Authorized: Invalid email or password
2025-07-05T18:26:25.066Z [INSIGHT-HUB 🚥] [31merror[39m:: Error logging in user: Error: Database error
2025-07-05T18:26:25.074Z [INSIGHT-HUB 🚥] [31merror[39m:: Error registering user: Bad Request: User with email newuser@example.com already exists
2025-07-05T18:26:25.075Z [INSIGHT-HUB 🚥] [31merror[39m:: Error registering user: Error: Database error
2025-07-05T18:26:25.077Z [INSIGHT-HUB 🚥] [31merror[39m:: Error requesting reset password link: Resource Not Found: User with email test@example.com does not exist
2025-07-05T18:26:25.079Z [INSIGHT-HUB 🚥] [31merror[39m:: Error requesting reset password link: Error: Database error
2025-07-05T18:26:25.082Z [INSIGHT-HUB 🚥] [31merror[39m:: Error resetting password: Resource Not Found: User with email test@example.com does not exist
2025-07-05T18:26:25.084Z [INSIGHT-HUB 🚥] [31merror[39m:: Error resetting password: Error: Database error
2025-07-05T18:26:25.087Z [INSIGHT-HUB 🚥] [31merror[39m:: Error refreshing token: Bad Request: Refresh token is required
2025-07-05T18:26:25.089Z [INSIGHT-HUB 🚥] [31merror[39m:: Error refreshing token: Not Authorized: Invalid or expired refresh token
2025-07-05T18:26:25.090Z [INSIGHT-HUB 🚥] [31merror[39m:: Error refreshing token: Resource Not Found: User does not exist
2025-07-05T18:26:25.093Z [INSIGHT-HUB 🚥] [31merror[39m:: Error refreshing token: Error: JWT error
2025-07-05T18:26:25.211Z [INSIGHT-HUB 🚥] [31merror[39m:: Error generating token for user 1: Bad Request: User does not exist
2025-07-05T18:26:25.217Z [INSIGHT-HUB 🚥] [31merror[39m:: Error verifying access token: JsonWebTokenError: jwt malformed
2025-07-05T18:26:25.223Z [INSIGHT-HUB 🚥] [31merror[39m:: Error refreshing access token: JsonWebTokenError: jwt malformed
2025-07-05T18:26:25.597Z [INSIGHT-HUB 🚥] [31merror[39m:: Error finding user by ID: Resource Not Found: User with ID 1 not found
2025-07-05T18:26:25.608Z [INSIGHT-HUB 🚥] [31merror[39m:: Error finding user by ID: Bad Request: User with ID 1 is not active
2025-07-05T18:26:25.609Z [INSIGHT-HUB 🚥] [31merror[39m:: Error finding user by ID: Error: Database error
2025-07-05T18:26:25.612Z [INSIGHT-HUB 🚥] [31merror[39m:: Error updating user: Resource Not Found: User with ID 999 not found
2025-07-05T18:26:25.613Z [INSIGHT-HUB 🚥] [31merror[39m:: Error updating user: Bad Request: User with ID 1 is not active
2025-07-05T18:26:25.613Z [INSIGHT-HUB 🚥] [31merror[39m:: Error updating user: Conflict: Current password is incorrect
2025-07-05T18:26:25.614Z [INSIGHT-HUB 🚥] [31merror[39m:: Error updating user: Bad Request: Invalid role: INVALID_ROLE
2025-07-05T18:26:25.615Z [INSIGHT-HUB 🚥] [31merror[39m:: Error updating user: Error: Database error
2025-07-05T18:26:25.616Z [INSIGHT-HUB 🚥] [31merror[39m:: Error deleting user: Resource Not Found: User with ID 1 not found
2025-07-05T18:26:25.617Z [INSIGHT-HUB 🚥] [31merror[39m:: Error deleting user: Error: Database error
2025-07-05T18:36:26.354Z [INSIGHT-HUB 🚥] [31merror[39m:: Error - Test error - /test - GET - 127.0.0.1 - 500
2025-07-05T18:36:26.540Z [INSIGHT-HUB 🚥] [31merror[39m:: Error sending password reset email: SMTP Error
2025-07-05T18:36:26.718Z [INSIGHT-HUB 🚥] [31merror[39m:: Error generating token for user 1: Bad Request: User does not exist
2025-07-05T18:36:26.728Z [INSIGHT-HUB 🚥] [31merror[39m:: Error verifying access token: JsonWebTokenError: jwt malformed
2025-07-05T18:36:26.731Z [INSIGHT-HUB 🚥] [31merror[39m:: Error refreshing access token: JsonWebTokenError: jwt malformed
2025-07-05T18:36:26.697Z [INSIGHT-HUB 🚥] [31merror[39m:: Error logging in user: Resource Not Found: User with email test@example.com does not exist
2025-07-05T18:36:26.757Z [INSIGHT-HUB 🚥] [31merror[39m:: Error logging in user: Not Authorized: Invalid email or password
2025-07-05T18:36:26.767Z [INSIGHT-HUB 🚥] [31merror[39m:: Error logging in user: Error: Database error
2025-07-05T18:36:26.784Z [INSIGHT-HUB 🚥] [31merror[39m:: Error registering user: Bad Request: User with email newuser@example.com already exists
2025-07-05T18:36:26.785Z [INSIGHT-HUB 🚥] [31merror[39m:: Error registering user: Error: Database error
2025-07-05T18:36:26.787Z [INSIGHT-HUB 🚥] [31merror[39m:: Error requesting reset password link: Resource Not Found: User with email test@example.com does not exist
2025-07-05T18:36:26.788Z [INSIGHT-HUB 🚥] [31merror[39m:: Error requesting reset password link: Error: Database error
2025-07-05T18:36:26.790Z [INSIGHT-HUB 🚥] [31merror[39m:: Error resetting password: Resource Not Found: User with email test@example.com does not exist
2025-07-05T18:36:26.791Z [INSIGHT-HUB 🚥] [31merror[39m:: Error resetting password: Error: Database error
2025-07-05T18:36:26.801Z [INSIGHT-HUB 🚥] [31merror[39m:: Error refreshing token: Bad Request: Refresh token is required
2025-07-05T18:36:26.815Z [INSIGHT-HUB 🚥] [31merror[39m:: Error refreshing token: Not Authorized: Invalid or expired refresh token
2025-07-05T18:36:26.822Z [INSIGHT-HUB 🚥] [31merror[39m:: Error refreshing token: Resource Not Found: User does not exist
2025-07-05T18:36:26.823Z [INSIGHT-HUB 🚥] [31merror[39m:: Error refreshing token: Error: JWT error
2025-07-05T18:36:26.968Z [INSIGHT-HUB 🚥] [31merror[39m:: Error finding user by ID: Resource Not Found: User with ID 1 not found
2025-07-05T18:36:26.985Z [INSIGHT-HUB 🚥] [31merror[39m:: Error finding user by ID: Bad Request: User with ID 1 is not active
2025-07-05T18:36:26.986Z [INSIGHT-HUB 🚥] [31merror[39m:: Error finding user by ID: Error: Database error
2025-07-05T18:36:26.991Z [INSIGHT-HUB 🚥] [31merror[39m:: Error updating user: Resource Not Found: User with ID 999 not found
2025-07-05T18:36:26.991Z [INSIGHT-HUB 🚥] [31merror[39m:: Error updating user: Bad Request: User with ID 1 is not active
2025-07-05T18:36:26.992Z [INSIGHT-HUB 🚥] [31merror[39m:: Error updating user: Conflict: Current password is incorrect
2025-07-05T18:36:26.994Z [INSIGHT-HUB 🚥] [31merror[39m:: Error updating user: Bad Request: Invalid role: INVALID_ROLE
2025-07-05T18:36:26.995Z [INSIGHT-HUB 🚥] [31merror[39m:: Error updating user: Error: Database error
2025-07-05T18:36:26.997Z [INSIGHT-HUB 🚥] [31merror[39m:: Error deleting user: Resource Not Found: User with ID 1 not found
2025-07-05T18:36:26.997Z [INSIGHT-HUB 🚥] [31merror[39m:: Error deleting user: Error: Database error
2025-07-06T04:17:03.669Z [INSIGHT-HUB 🚥] [31merror[39m:: Error - Test error - /test - GET - 127.0.0.1 - 500
2025-07-06T04:17:03.795Z [INSIGHT-HUB 🚥] [31merror[39m:: Error sending password reset email: SMTP Error
2025-07-06T04:17:03.752Z [INSIGHT-HUB 🚥] [31merror[39m:: Error generating token for user 1: Bad Request: User does not exist
2025-07-06T04:17:03.758Z [INSIGHT-HUB 🚥] [31merror[39m:: Error verifying access token: JsonWebTokenError: jwt malformed
2025-07-06T04:17:03.762Z [INSIGHT-HUB 🚥] [31merror[39m:: Error refreshing access token: JsonWebTokenError: jwt malformed
2025-07-06T04:17:03.847Z [INSIGHT-HUB 🚥] [31merror[39m:: Error logging in user: Resource Not Found: User with email test@example.com does not exist
2025-07-06T04:17:03.904Z [INSIGHT-HUB 🚥] [31merror[39m:: Error logging in user: Not Authorized: Invalid email or password
2025-07-06T04:17:03.916Z [INSIGHT-HUB 🚥] [31merror[39m:: Error logging in user: Error: Database error
2025-07-06T04:17:03.930Z [INSIGHT-HUB 🚥] [31merror[39m:: Error registering user: Bad Request: User with email newuser@example.com already exists
2025-07-06T04:17:03.931Z [INSIGHT-HUB 🚥] [31merror[39m:: Error registering user: Error: Database error
2025-07-06T04:17:03.933Z [INSIGHT-HUB 🚥] [31merror[39m:: Error requesting reset password link: Resource Not Found: User with email test@example.com does not exist
2025-07-06T04:17:03.935Z [INSIGHT-HUB 🚥] [31merror[39m:: Error requesting reset password link: Error: Database error
2025-07-06T04:17:03.937Z [INSIGHT-HUB 🚥] [31merror[39m:: Error resetting password: Resource Not Found: User with email test@example.com does not exist
2025-07-06T04:17:03.937Z [INSIGHT-HUB 🚥] [31merror[39m:: Error resetting password: Error: Database error
2025-07-06T04:17:03.939Z [INSIGHT-HUB 🚥] [31merror[39m:: Error refreshing token: Bad Request: Refresh token is required
2025-07-06T04:17:03.940Z [INSIGHT-HUB 🚥] [31merror[39m:: Error refreshing token: Not Authorized: Invalid or expired refresh token
2025-07-06T04:17:03.941Z [INSIGHT-HUB 🚥] [31merror[39m:: Error refreshing token: Resource Not Found: User does not exist
2025-07-06T04:17:03.962Z [INSIGHT-HUB 🚥] [31merror[39m:: Error refreshing token: Error: JWT error
2025-07-06T04:17:04.093Z [INSIGHT-HUB 🚥] [31merror[39m:: Error finding user by ID: Resource Not Found: User with ID 1 not found
2025-07-06T04:17:04.105Z [INSIGHT-HUB 🚥] [31merror[39m:: Error finding user by ID: Bad Request: User with ID 1 is not active
2025-07-06T04:17:04.106Z [INSIGHT-HUB 🚥] [31merror[39m:: Error finding user by ID: Error: Database error
2025-07-06T04:17:04.109Z [INSIGHT-HUB 🚥] [31merror[39m:: Error updating user: Resource Not Found: User with ID 999 not found
2025-07-06T04:17:04.110Z [INSIGHT-HUB 🚥] [31merror[39m:: Error updating user: Bad Request: User with ID 1 is not active
2025-07-06T04:17:04.111Z [INSIGHT-HUB 🚥] [31merror[39m:: Error updating user: Conflict: Current password is incorrect
2025-07-06T04:17:04.112Z [INSIGHT-HUB 🚥] [31merror[39m:: Error updating user: Bad Request: Invalid role: INVALID_ROLE
2025-07-06T04:17:04.114Z [INSIGHT-HUB 🚥] [31merror[39m:: Error updating user: Error: Database error
2025-07-06T04:17:04.119Z [INSIGHT-HUB 🚥] [31merror[39m:: Error deleting user: Resource Not Found: User with ID 1 not found
2025-07-06T04:17:04.120Z [INSIGHT-HUB 🚥] [31merror[39m:: Error deleting user: Error: Database error
2025-07-06T04:55:23.349Z [INSIGHT-HUB 🚥] [31merror[39m:: Error logging in user: Resource Not Found: User with email test@example.com does not exist
2025-07-06T04:55:23.365Z [INSIGHT-HUB 🚥] [31merror[39m:: Error logging in user: Not Authorized: Invalid email or password
2025-07-06T04:55:23.366Z [INSIGHT-HUB 🚥] [31merror[39m:: Error logging in user: Error: Database error
2025-07-06T04:55:23.368Z [INSIGHT-HUB 🚥] [31merror[39m:: Error registering user: Bad Request: User with email newuser@example.com already exists
2025-07-06T04:55:23.369Z [INSIGHT-HUB 🚥] [31merror[39m:: Error registering user: Error: Database error
2025-07-06T04:55:23.382Z [INSIGHT-HUB 🚥] [31merror[39m:: Error requesting reset password link: Resource Not Found: User with email test@example.com does not exist
2025-07-06T04:55:23.383Z [INSIGHT-HUB 🚥] [31merror[39m:: Error requesting reset password link: Error: Database error
2025-07-06T04:55:23.384Z [INSIGHT-HUB 🚥] [31merror[39m:: Error resetting password: Resource Not Found: User with email test@example.com does not exist
2025-07-06T04:55:23.385Z [INSIGHT-HUB 🚥] [31merror[39m:: Error resetting password: Error: Database error
2025-07-06T04:55:23.387Z [INSIGHT-HUB 🚥] [31merror[39m:: Error refreshing token: Bad Request: Refresh token is required
2025-07-06T04:55:23.390Z [INSIGHT-HUB 🚥] [31merror[39m:: Error refreshing token: Not Authorized: Invalid or expired refresh token
2025-07-06T04:55:23.391Z [INSIGHT-HUB 🚥] [31merror[39m:: Error refreshing token: Resource Not Found: User does not exist
2025-07-06T04:55:23.391Z [INSIGHT-HUB 🚥] [31merror[39m:: Error refreshing token: Error: JWT error
2025-07-06T04:55:24.407Z [INSIGHT-HUB 🚥] [31merror[39m:: Error sending password reset email: SMTP Error
2025-07-06T04:55:24.578Z [INSIGHT-HUB 🚥] [31merror[39m:: Error - Test error - /test - GET - 127.0.0.1 - 500
2025-07-06T04:55:24.689Z [INSIGHT-HUB 🚥] [31merror[39m:: Error generating token for user 1: Bad Request: User does not exist
2025-07-06T04:55:24.697Z [INSIGHT-HUB 🚥] [31merror[39m:: Error verifying access token: JsonWebTokenError: jwt malformed
2025-07-06T04:55:24.701Z [INSIGHT-HUB 🚥] [31merror[39m:: Error refreshing access token: JsonWebTokenError: jwt malformed
2025-07-06T04:55:24.741Z [INSIGHT-HUB 🚥] [31merror[39m:: Error finding user by ID: Resource Not Found: User with ID 1 not found
2025-07-06T04:55:24.752Z [INSIGHT-HUB 🚥] [31merror[39m:: Error finding user by ID: Bad Request: User with ID 1 is not active
2025-07-06T04:55:24.753Z [INSIGHT-HUB 🚥] [31merror[39m:: Error finding user by ID: Error: Database error
2025-07-06T04:55:24.756Z [INSIGHT-HUB 🚥] [31merror[39m:: Error updating user: Resource Not Found: User with ID 999 not found
2025-07-06T04:55:24.757Z [INSIGHT-HUB 🚥] [31merror[39m:: Error updating user: Bad Request: User with ID 1 is not active
2025-07-06T04:55:24.761Z [INSIGHT-HUB 🚥] [31merror[39m:: Error updating user: Conflict: Current password is incorrect
2025-07-06T04:55:24.762Z [INSIGHT-HUB 🚥] [31merror[39m:: Error updating user: Bad Request: Invalid role: INVALID_ROLE
2025-07-06T04:55:24.764Z [INSIGHT-HUB 🚥] [31merror[39m:: Error updating user: Error: Database error
2025-07-06T04:55:24.765Z [INSIGHT-HUB 🚥] [31merror[39m:: Error deleting user: Resource Not Found: User with ID 1 not found
2025-07-06T04:55:24.766Z [INSIGHT-HUB 🚥] [31merror[39m:: Error deleting user: Error: Database error
2025-07-06T04:57:57.467Z [INSIGHT-HUB 🚥] [31merror[39m:: Error while verifying token: Not Authorized: Invalid or expired token
2025-07-06T04:57:57.468Z [INSIGHT-HUB 🚥] [31merror[39m:: Error while verifying token: Not Authenticated: User not found
